# JRE version: Java(TM) SE Runtime Environment (8.0_45-b15) (build 1.8.0_45-b15)
# Java VM: Java HotSpot(TM) 64-Bit Server VM (25.45-b02 mixed mode windows-amd64 compressed oops)
Heap:
 PSYoungGen      total 37888K, used 5743K [0x00000000d5f00000, 0x00000000d9000000, 0x0000000100000000)
  eden space 32768K, 1% used [0x00000000d5f00000,0x00000000d5f9cc18,0x00000000d7f00000)
  from space 5120K, 99% used [0x00000000d7f80000,0x00000000d847f220,0x00000000d8480000)
  to   space 8704K, 0% used [0x00000000d8780000,0x00000000d8780000,0x00000000d9000000)
 ParOldGen       total 87552K, used 3513K [0x0000000081c00000, 0x0000000087180000, 0x00000000d5f00000)
  object space 87552K, 4% used [0x0000000081c00000,0x0000000081f6e568,0x0000000087180000)
 Metaspace       used 12220K, capacity 12392K, committed 12672K, reserved 1060864K
  class space    used 1497K, capacity 1572K, committed 1664K, reserved 1048576K
GC Heap History (10 events):
Event: 9.552 GC heap before
{Heap before GC invocations=1 (full 0):
 PSYoungGen      total 38400K, used 33280K [0x00000000d5f00000, 0x00000000d8980000, 0x0000000100000000)
  eden space 33280K, 100% used [0x00000000d5f00000,0x00000000d7f80000,0x00000000d7f80000)
  from space 5120K, 0% used [0x00000000d8480000,0x00000000d8480000,0x00000000d8980000)
  to   space 5120K, 0% used [0x00000000d7f80000,0x00000000d7f80000,0x00000000d8480000)
 ParOldGen       total 87552K, used 0K [0x0000000081c00000, 0x0000000087180000, 0x00000000d5f00000)
  object space 87552K, 0% used [0x0000000081c00000,0x0000000081c00000,0x0000000087180000)
 Metaspace       used 12016K, capacity 12200K, committed 12416K, reserved 1060864K
  class space    used 1496K, capacity 1572K, committed 1664K, reserved 1048576K
Event: 9.575 GC heap after
Heap after GC invocations=1 (full 0):
 PSYoungGen      total 38400K, used 5100K [0x00000000d5f00000, 0x00000000d8980000, 0x0000000100000000)
  eden space 33280K, 0% used [0x00000000d5f00000,0x00000000d5f00000,0x00000000d7f80000)
  from space 5120K, 99% used [0x00000000d7f80000,0x00000000d847b230,0x00000000d8480000)
  to   space 5120K, 0% used [0x00000000d8480000,0x00000000d8480000,0x00000000d8980000)
 ParOldGen       total 87552K, used 3356K [0x0000000081c00000, 0x0000000087180000, 0x00000000d5f00000)
  object space 87552K, 3% used [0x0000000081c00000,0x0000000081f47048,0x0000000087180000)
 Metaspace       used 12016K, capacity 12200K, committed 12416K, reserved 1060864K
  class space    used 1496K, capacity 1572K, committed 1664K, reserved 1048576K
}
Event: 14.516 GC heap before
{Heap before GC invocations=2 (full 0):
 PSYoungGen      total 38400K, used 38380K [0x00000000d5f00000, 0x00000000d8980000, 0x0000000100000000)
  eden space 33280K, 100% used [0x00000000d5f00000,0x00000000d7f80000,0x00000000d7f80000)
  from space 5120K, 99% used [0x00000000d7f80000,0x00000000d847b230,0x00000000d8480000)
  to   space 5120K, 0% used [0x00000000d8480000,0x00000000d8480000,0x00000000d8980000)
 ParOldGen       total 87552K, used 3356K [0x0000000081c00000, 0x0000000087180000, 0x00000000d5f00000)
  object space 87552K, 3% used [0x0000000081c00000,0x0000000081f47048,0x0000000087180000)
 Metaspace       used 12023K, capacity 12200K, committed 12416K, reserved 1060864K
  class space    used 1496K, capacity 1572K, committed 1664K, reserved 1048576K
Event: 14.532 GC heap after
Heap after GC invocations=2 (full 0):
 PSYoungGen      total 38400K, used 5116K [0x00000000d5f00000, 0x00000000d8980000, 0x0000000100000000)
  eden space 33280K, 0% used [0x00000000d5f00000,0x00000000d5f00000,0x00000000d7f80000)
  from space 5120K, 99% used [0x00000000d8480000,0x00000000d897f220,0x00000000d8980000)
  to   space 5120K, 0% used [0x00000000d7f80000,0x00000000d7f80000,0x00000000d8480000)
 ParOldGen       total 87552K, used 3481K [0x0000000081c00000, 0x0000000087180000, 0x00000000d5f00000)
  object space 87552K, 3% used [0x0000000081c00000,0x0000000081f66568,0x0000000087180000)
 Metaspace       used 12023K, capacity 12200K, committed 12416K, reserved 1060864K
  class space    used 1496K, capacity 1572K, committed 1664K, reserved 1048576K
}
Event: 17.534 GC heap before
{Heap before GC invocations=3 (full 0):
 PSYoungGen      total 38400K, used 38396K [0x00000000d5f00000, 0x00000000d8980000, 0x0000000100000000)
  eden space 33280K, 100% used [0x00000000d5f00000,0x00000000d7f80000,0x00000000d7f80000)
  from space 5120K, 99% used [0x00000000d8480000,0x00000000d897f220,0x00000000d8980000)
  to   space 5120K, 0% used [0x00000000d7f80000,0x00000000d7f80000,0x00000000d8480000)
 ParOldGen       total 87552K, used 3481K [0x0000000081c00000, 0x0000000087180000, 0x00000000d5f00000)
  object space 87552K, 3% used [0x0000000081c00000,0x0000000081f66568,0x0000000087180000)
 Metaspace       used 12175K, capacity 12328K, committed 12672K, reserved 1060864K
  class space    used 1497K, capacity 1572K, committed 1664K, reserved 1048576K
Event: 17.540 GC heap after
Heap after GC invocations=3 (full 0):
 PSYoungGen      total 38400K, used 5116K [0x00000000d5f00000, 0x00000000d8980000, 0x0000000100000000)
  eden space 33280K, 0% used [0x00000000d5f00000,0x00000000d5f00000,0x00000000d7f80000)
  from space 5120K, 99% used [0x00000000d7f80000,0x00000000d847f220,0x00000000d8480000)
  to   space 5120K, 0% used [0x00000000d8480000,0x00000000d8480000,0x00000000d8980000)
 ParOldGen       total 87552K, used 3497K [0x0000000081c00000, 0x0000000087180000, 0x00000000d5f00000)
  object space 87552K, 3% used [0x0000000081c00000,0x0000000081f6a568,0x0000000087180000)
 Metaspace       used 12175K, capacity 12328K, committed 12672K, reserved 1060864K
  class space    used 1497K, capacity 1572K, committed 1664K, reserved 1048576K
}
Event: 21.590 GC heap before
{Heap before GC invocations=4 (full 0):
 PSYoungGen      total 38400K, used 38396K [0x00000000d5f00000, 0x00000000d8980000, 0x0000000100000000)
  eden space 33280K, 100% used [0x00000000d5f00000,0x00000000d7f80000,0x00000000d7f80000)
  from space 5120K, 99% used [0x00000000d7f80000,0x00000000d847f220,0x00000000d8480000)
  to   space 5120K, 0% used [0x00000000d8480000,0x00000000d8480000,0x00000000d8980000)
 ParOldGen       total 87552K, used 3497K [0x0000000081c00000, 0x0000000087180000, 0x00000000d5f00000)
  object space 87552K, 3% used [0x0000000081c00000,0x0000000081f6a568,0x0000000087180000)
 Metaspace       used 12193K, capacity 12328K, committed 12672K, reserved 1060864K
  class space    used 1497K, capacity 1572K, committed 1664K, reserved 1048576K
Event: 21.602 GC heap after
Heap after GC invocations=4 (full 0):
 PSYoungGen      total 38400K, used 5084K [0x00000000d5f00000, 0x00000000d8980000, 0x0000000100000000)
  eden space 33280K, 0% used [0x00000000d5f00000,0x00000000d5f00000,0x00000000d7f80000)
  from space 5120K, 99% used [0x00000000d8480000,0x00000000d8977220,0x00000000d8980000)
  to   space 5120K, 0% used [0x00000000d7f80000,0x00000000d7f80000,0x00000000d8480000)
 ParOldGen       total 87552K, used 3505K [0x0000000081c00000, 0x0000000087180000, 0x00000000d5f00000)
  object space 87552K, 4% used [0x0000000081c00000,0x0000000081f6c568,0x0000000087180000)
 Metaspace       used 12193K, capacity 12328K, committed 12672K, reserved 1060864K
  class space    used 1497K, capacity 1572K, committed 1664K, reserved 1048576K
}
Event: 24.562 GC heap before
{Heap before GC invocations=5 (full 0):
 PSYoungGen      total 38400K, used 38364K [0x00000000d5f00000, 0x00000000d8980000, 0x0000000100000000)
  eden space 33280K, 100% used [0x00000000d5f00000,0x00000000d7f80000,0x00000000d7f80000)
  from space 5120K, 99% used [0x00000000d8480000,0x00000000d8977220,0x00000000d8980000)
  to   space 5120K, 0% used [0x00000000d7f80000,0x00000000d7f80000,0x00000000d8480000)
 ParOldGen       total 87552K, used 3505K [0x0000000081c00000, 0x0000000087180000, 0x00000000d5f00000)
  object space 87552K, 4% used [0x0000000081c00000,0x0000000081f6c568,0x0000000087180000)
 Metaspace       used 12220K, capacity 12392K, committed 12672K, reserved 1060864K
  class space    used 1497K, capacity 1572K, committed 1664K, reserved 1048576K
Event: 24.568 GC heap after
Heap after GC invocations=5 (full 0):
 PSYoungGen      total 37888K, used 5116K [0x00000000d5f00000, 0x00000000d9000000, 0x0000000100000000)
  eden space 32768K, 0% used [0x00000000d5f00000,0x00000000d5f00000,0x00000000d7f00000)
  from space 5120K, 99% used [0x00000000d7f80000,0x00000000d847f220,0x00000000d8480000)
  to   space 8704K, 0% used [0x00000000d8780000,0x00000000d8780000,0x00000000d9000000)
 ParOldGen       total 87552K, used 3513K [0x0000000081c00000, 0x0000000087180000, 0x00000000d5f00000)
  object space 87552K, 4% used [0x0000000081c00000,0x0000000081f6e568,0x0000000087180000)
 Metaspace       used 12220K, capacity 12392K, committed 12672K, reserved 1060864K
  class space    used 1497K, capacity 1572K, committed 1664K, reserved 1048576K
}

