# JRE version: Java(TM) SE Runtime Environment (8.0_45-b15) (build 1.8.0_45-b15)
# Java VM: Java HotSpot(TM) 64-Bit Server VM (25.45-b02 mixed mode windows-amd64 compressed oops)
Heap:
 PSYoungGen      total 28160K, used 805K [0x00000000d5f00000, 0x00000000fd400000, 0x0000000100000000)
  eden space 27648K, 2% used [0x00000000d5f00000,0x00000000d5f925c0,0x00000000d7a00000)
  from space 512K, 42% used [0x00000000fd300000,0x00000000fd337080,0x00000000fd380000)
  to   space 512K, 0% used [0x00000000fd380000,0x00000000fd380000,0x00000000fd400000)
 ParOldGen       total 87552K, used 18046K [0x0000000081c00000, 0x0000000087180000, 0x00000000d5f00000)
  object space 87552K, 20% used [0x0000000081c00000,0x0000000082d9fa08,0x0000000087180000)
 Metaspace       used 13409K, capacity 13626K, committed 13824K, reserved 1060864K
  class space    used 1601K, capacity 1675K, committed 1792K, reserved 1048576K
GC Heap History (10 events):
Event: 842.238 GC heap before
{Heap before GC invocations=121 (full 0):
 PSYoungGen      total 30720K, used 30304K [0x00000000d5f00000, 0x00000000fd400000, 0x0000000100000000)
  eden space 30208K, 100% used [0x00000000d5f00000,0x00000000d7c80000,0x00000000d7c80000)
  from space 512K, 18% used [0x00000000fd380000,0x00000000fd398000,0x00000000fd400000)
  to   space 512K, 0% used [0x00000000fd300000,0x00000000fd300000,0x00000000fd380000)
 ParOldGen       total 87552K, used 17942K [0x0000000081c00000, 0x0000000087180000, 0x00000000d5f00000)
  object space 87552K, 20% used [0x0000000081c00000,0x0000000082d85a08,0x0000000087180000)
 Metaspace       used 13390K, capacity 13626K, committed 13824K, reserved 1060864K
  class space    used 1601K, capacity 1675K, committed 1792K, reserved 1048576K
Event: 842.239 GC heap after
Heap after GC invocations=121 (full 0):
 PSYoungGen      total 30208K, used 320K [0x00000000d5f00000, 0x00000000fd400000, 0x0000000100000000)
  eden space 29696K, 0% used [0x00000000d5f00000,0x00000000d5f00000,0x00000000d7c00000)
  from space 512K, 62% used [0x00000000fd300000,0x00000000fd350000,0x00000000fd380000)
  to   space 512K, 0% used [0x00000000fd380000,0x00000000fd380000,0x00000000fd400000)
 ParOldGen       total 87552K, used 17958K [0x0000000081c00000, 0x0000000087180000, 0x00000000d5f00000)
  object space 87552K, 20% used [0x0000000081c00000,0x0000000082d89a08,0x0000000087180000)
 Metaspace       used 13390K, capacity 13626K, committed 13824K, reserved 1060864K
  class space    used 1601K, capacity 1675K, committed 1792K, reserved 1048576K
}
Event: 843.426 GC heap before
{Heap before GC invocations=122 (full 0):
 PSYoungGen      total 30208K, used 30016K [0x00000000d5f00000, 0x00000000fd400000, 0x0000000100000000)
  eden space 29696K, 100% used [0x00000000d5f00000,0x00000000d7c00000,0x00000000d7c00000)
  from space 512K, 62% used [0x00000000fd300000,0x00000000fd350000,0x00000000fd380000)
  to   space 512K, 0% used [0x00000000fd380000,0x00000000fd380000,0x00000000fd400000)
 ParOldGen       total 87552K, used 17958K [0x0000000081c00000, 0x0000000087180000, 0x00000000d5f00000)
  object space 87552K, 20% used [0x0000000081c00000,0x0000000082d89a08,0x0000000087180000)
 Metaspace       used 13390K, capacity 13626K, committed 13824K, reserved 1060864K
  class space    used 1601K, capacity 1675K, committed 1792K, reserved 1048576K
Event: 843.428 GC heap after
Heap after GC invocations=122 (full 0):
 PSYoungGen      total 29696K, used 96K [0x00000000d5f00000, 0x00000000fd400000, 0x0000000100000000)
  eden space 29184K, 0% used [0x00000000d5f00000,0x00000000d5f00000,0x00000000d7b80000)
  from space 512K, 18% used [0x00000000fd380000,0x00000000fd398000,0x00000000fd400000)
  to   space 512K, 0% used [0x00000000fd300000,0x00000000fd300000,0x00000000fd380000)
 ParOldGen       total 87552K, used 17998K [0x0000000081c00000, 0x0000000087180000, 0x00000000d5f00000)
  object space 87552K, 20% used [0x0000000081c00000,0x0000000082d93a08,0x0000000087180000)
 Metaspace       used 13390K, capacity 13626K, committed 13824K, reserved 1060864K
  class space    used 1601K, capacity 1675K, committed 1792K, reserved 1048576K
}
Event: 845.090 GC heap before
{Heap before GC invocations=123 (full 0):
 PSYoungGen      total 29696K, used 29280K [0x00000000d5f00000, 0x00000000fd400000, 0x0000000100000000)
  eden space 29184K, 100% used [0x00000000d5f00000,0x00000000d7b80000,0x00000000d7b80000)
  from space 512K, 18% used [0x00000000fd380000,0x00000000fd398000,0x00000000fd400000)
  to   space 512K, 0% used [0x00000000fd300000,0x00000000fd300000,0x00000000fd380000)
 ParOldGen       total 87552K, used 17998K [0x0000000081c00000, 0x0000000087180000, 0x00000000d5f00000)
  object space 87552K, 20% used [0x0000000081c00000,0x0000000082d93a08,0x0000000087180000)
 Metaspace       used 13390K, capacity 13626K, committed 13824K, reserved 1060864K
  class space    used 1601K, capacity 1675K, committed 1792K, reserved 1048576K
Event: 845.092 GC heap after
Heap after GC invocations=123 (full 0):
 PSYoungGen      total 29184K, used 64K [0x00000000d5f00000, 0x00000000fd400000, 0x0000000100000000)
  eden space 28672K, 0% used [0x00000000d5f00000,0x00000000d5f00000,0x00000000d7b00000)
  from space 512K, 12% used [0x00000000fd300000,0x00000000fd310000,0x00000000fd380000)
  to   space 512K, 0% used [0x00000000fd380000,0x00000000fd380000,0x00000000fd400000)
 ParOldGen       total 87552K, used 18014K [0x0000000081c00000, 0x0000000087180000, 0x00000000d5f00000)
  object space 87552K, 20% used [0x0000000081c00000,0x0000000082d97a08,0x0000000087180000)
 Metaspace       used 13390K, capacity 13626K, committed 13824K, reserved 1060864K
  class space    used 1601K, capacity 1675K, committed 1792K, reserved 1048576K
}
Event: 846.823 GC heap before
{Heap before GC invocations=124 (full 0):
 PSYoungGen      total 29184K, used 28736K [0x00000000d5f00000, 0x00000000fd400000, 0x0000000100000000)
  eden space 28672K, 100% used [0x00000000d5f00000,0x00000000d7b00000,0x00000000d7b00000)
  from space 512K, 12% used [0x00000000fd300000,0x00000000fd310000,0x00000000fd380000)
  to   space 512K, 0% used [0x00000000fd380000,0x00000000fd380000,0x00000000fd400000)
 ParOldGen       total 87552K, used 18014K [0x0000000081c00000, 0x0000000087180000, 0x00000000d5f00000)
  object space 87552K, 20% used [0x0000000081c00000,0x0000000082d97a08,0x0000000087180000)
 Metaspace       used 13390K, capacity 13626K, committed 13824K, reserved 1060864K
  class space    used 1601K, capacity 1675K, committed 1792K, reserved 1048576K
Event: 846.824 GC heap after
Heap after GC invocations=124 (full 0):
 PSYoungGen      total 28672K, used 64K [0x00000000d5f00000, 0x00000000fd400000, 0x0000000100000000)
  eden space 28160K, 0% used [0x00000000d5f00000,0x00000000d5f00000,0x00000000d7a80000)
  from space 512K, 12% used [0x00000000fd380000,0x00000000fd390000,0x00000000fd400000)
  to   space 512K, 0% used [0x00000000fd300000,0x00000000fd300000,0x00000000fd380000)
 ParOldGen       total 87552K, used 18022K [0x0000000081c00000, 0x0000000087180000, 0x00000000d5f00000)
  object space 87552K, 20% used [0x0000000081c00000,0x0000000082d99a08,0x0000000087180000)
 Metaspace       used 13390K, capacity 13626K, committed 13824K, reserved 1060864K
  class space    used 1601K, capacity 1675K, committed 1792K, reserved 1048576K
}
Event: 853.451 GC heap before
{Heap before GC invocations=125 (full 0):
 PSYoungGen      total 28672K, used 28224K [0x00000000d5f00000, 0x00000000fd400000, 0x0000000100000000)
  eden space 28160K, 100% used [0x00000000d5f00000,0x00000000d7a80000,0x00000000d7a80000)
  from space 512K, 12% used [0x00000000fd380000,0x00000000fd390000,0x00000000fd400000)
  to   space 512K, 0% used [0x00000000fd300000,0x00000000fd300000,0x00000000fd380000)
 ParOldGen       total 87552K, used 18022K [0x0000000081c00000, 0x0000000087180000, 0x00000000d5f00000)
  object space 87552K, 20% used [0x0000000081c00000,0x0000000082d99a08,0x0000000087180000)
 Metaspace       used 13409K, capacity 13626K, committed 13824K, reserved 1060864K
  class space    used 1601K, capacity 1675K, committed 1792K, reserved 1048576K
Event: 853.452 GC heap after
Heap after GC invocations=125 (full 0):
 PSYoungGen      total 28160K, used 220K [0x00000000d5f00000, 0x00000000fd400000, 0x0000000100000000)
  eden space 27648K, 0% used [0x00000000d5f00000,0x00000000d5f00000,0x00000000d7a00000)
  from space 512K, 42% used [0x00000000fd300000,0x00000000fd337080,0x00000000fd380000)
  to   space 512K, 0% used [0x00000000fd380000,0x00000000fd380000,0x00000000fd400000)
 ParOldGen       total 87552K, used 18046K [0x0000000081c00000, 0x0000000087180000, 0x00000000d5f00000)
  object space 87552K, 20% used [0x0000000081c00000,0x0000000082d9fa08,0x0000000087180000)
 Metaspace       used 13409K, capacity 13626K, committed 13824K, reserved 1060864K
  class space    used 1601K, capacity 1675K, committed 1792K, reserved 1048576K
}

